=================================================================================
Results of the parameter estimation with BYOM version 6.0
=================================================================================
   Filename      : byom_debkiss_with_egg_Apr22 
   Analysis date : 09-May-2022 (09:54) 
   Data entered  :
     data state 1: 11x1, continuous data, power 0.50 transf.
     data state 2: 25x1, continuous data, power 0.50 transf.
     data state 3: 0x0, no data.
   Search method: Nelder-Mead simplex direct search, 2 rounds. 
     No convergence, optimisation stopped on maximum number of iterations
     Total 547 simplex iterations used to optimise. 
     Minus log-likelihood has reached the value 114.83 (AIC=237.67). 
=================================================================================
sJAm       0.3255 (fit: 1, initial: 0.27) 
sJM       0.01372 (fit: 1, initial: 0.015) 
WB0          0.15 (fit: 0, initial: 0.15) 
Lwp         90.72 (fit: 1, initial: 120) 
yAV           0.8 (fit: 0, initial: 0.8) 
yBA          0.95 (fit: 0, initial: 0.95) 
yVA           0.2 (fit: 0, initial: 0.2) 
kap        0.4322 (fit: 1, initial: 0.75) 
f               1 (fit: 0, initial:  1) 
fB            0.5 (fit: 0, initial: 0.5) 
Lwf             0 (fit: 0, initial:  0) 
=================================================================================
Time required: 27.8 secs
=================================================================================
Results of the parameter estimation with BYOM version 6.0
=================================================================================
   Filename      : byom_debkiss_with_egg_Apr22 
   Analysis date : 09-May-2022 (10:15) 
   Data entered  :
     data state 1: 11x1, continuous data, power 0.50 transf.
     data state 2: 25x1, continuous data, power 0.50 transf.
     data state 3: 0x0, no data.
   Search method: Nelder-Mead simplex direct search, 2 rounds. 
     The optimisation routine has converged to a solution
     Total 21 simplex iterations used to optimise. 
     Minus log-likelihood has reached the value 153.05 (AIC=308.10). 
=================================================================================
sJAm       0.2691 (fit: 1, initial: 0.27) 
sJM         0.015 (fit: 0, initial: 0.015) 
WB0          0.15 (fit: 0, initial: 0.15) 
Lwp           120 (fit: 0, initial: 120) 
yAV           0.8 (fit: 0, initial: 0.8) 
yBA          0.95 (fit: 0, initial: 0.95) 
yVA           0.2 (fit: 0, initial: 0.2) 
kap          0.75 (fit: 0, initial: 0.75) 
f               1 (fit: 0, initial:  1) 
fB            0.5 (fit: 0, initial: 0.5) 
Lwf             0 (fit: 0, initial:  0) 
=================================================================================
Time required: 1.2 secs
=================================================================================
Results of the parameter estimation with BYOM version 6.0
=================================================================================
   Filename      : byom_debkiss_with_egg_Apr22 
   Analysis date : 09-May-2022 (10:17) 
   Data entered  :
     data state 1: 11x1, continuous data, power 0.50 transf.
     data state 2: 25x1, continuous data, power 0.50 transf.
     data state 3: 0x0, no data.
   Search method: Nelder-Mead simplex direct search, 2 rounds. 
     The optimisation routine has converged to a solution
     Total 21 simplex iterations used to optimise. 
     Minus log-likelihood has reached the value 153.23 (AIC=308.46). 
=================================================================================
sJAm         0.27 (fit: 0, initial: 0.27) 
sJM       0.01505 (fit: 1, initial: 0.015) 
WB0          0.15 (fit: 0, initial: 0.15) 
Lwp           120 (fit: 0, initial: 120) 
yAV           0.8 (fit: 0, initial: 0.8) 
yBA          0.95 (fit: 0, initial: 0.95) 
yVA           0.2 (fit: 0, initial: 0.2) 
kap          0.75 (fit: 0, initial: 0.75) 
f               1 (fit: 0, initial:  1) 
fB            0.5 (fit: 0, initial: 0.5) 
Lwf             0 (fit: 0, initial:  0) 
=================================================================================
Time required: 1.1 secs
=================================================================================
Results of the parameter estimation with BYOM version 6.0
=================================================================================
   Filename      : byom_debkiss_with_egg_Apr22 
   Analysis date : 09-May-2022 (10:18) 
   Data entered  :
     data state 1: 11x1, continuous data, power 0.50 transf.
     data state 2: 25x1, continuous data, power 0.50 transf.
     data state 3: 0x0, no data.
   Search method: Nelder-Mead simplex direct search, 2 rounds. 
     The optimisation routine has converged to a solution
     Total 28 simplex iterations used to optimise. 
     Minus log-likelihood has reached the value 152.98 (AIC=307.96). 
=================================================================================
sJAm         0.27 (fit: 0, initial: 0.27) 
sJM         0.015 (fit: 0, initial: 0.015) 
WB0          0.15 (fit: 0, initial: 0.15) 
Lwp         120.4 (fit: 1, initial: 120) 
yAV           0.8 (fit: 0, initial: 0.8) 
yBA          0.95 (fit: 0, initial: 0.95) 
yVA           0.2 (fit: 0, initial: 0.2) 
kap          0.75 (fit: 0, initial: 0.75) 
f               1 (fit: 0, initial:  1) 
fB            0.5 (fit: 0, initial: 0.5) 
Lwf             0 (fit: 0, initial:  0) 
=================================================================================
Time required: 1.4 secs
=================================================================================
Results of the parameter estimation with BYOM version 6.0
=================================================================================
   Filename      : byom_debkiss_with_egg_Apr22 
   Analysis date : 09-May-2022 (10:19) 
   Data entered  :
     data state 1: 11x1, continuous data, power 0.50 transf.
     data state 2: 25x1, continuous data, power 0.50 transf.
     data state 3: 0x0, no data.
   Search method: Nelder-Mead simplex direct search, 2 rounds. 
     The optimisation routine has converged to a solution
     Total 17 simplex iterations used to optimise. 
     Minus log-likelihood has reached the value 151.00 (AIC=304.00). 
=================================================================================
sJAm         0.27 (fit: 0, initial: 0.27) 
sJM         0.015 (fit: 0, initial: 0.015) 
WB0          0.15 (fit: 0, initial: 0.15) 
Lwp           120 (fit: 0, initial: 120) 
yAV           0.8 (fit: 0, initial: 0.8) 
yBA          0.95 (fit: 0, initial: 0.95) 
yVA        0.1938 (fit: 1, initial: 0.2) 
kap          0.75 (fit: 0, initial: 0.75) 
f               1 (fit: 0, initial:  1) 
fB            0.5 (fit: 0, initial: 0.5) 
Lwf             0 (fit: 0, initial:  0) 
=================================================================================
Time required: 0.9 secs
=================================================================================
Results of the parameter estimation with BYOM version 6.0
=================================================================================
   Filename      : byom_debkiss_with_egg_Apr22 
   Analysis date : 09-May-2022 (10:21) 
   Data entered  :
     data state 1: 11x1, continuous data, power 0.50 transf.
     data state 2: 25x1, continuous data, power 0.50 transf.
     data state 3: 0x0, no data.
   Search method: Nelder-Mead simplex direct search, 2 rounds. 
     The optimisation routine has converged to a solution
     Total 21 simplex iterations used to optimise. 
     Minus log-likelihood has reached the value 152.80 (AIC=307.60). 
=================================================================================
sJAm         0.27 (fit: 0, initial: 0.27) 
sJM         0.015 (fit: 0, initial: 0.015) 
WB0          0.15 (fit: 0, initial: 0.15) 
Lwp           120 (fit: 0, initial: 120) 
yAV           0.8 (fit: 0, initial: 0.8) 
yBA          0.95 (fit: 0, initial: 0.95) 
yVA           0.2 (fit: 0, initial: 0.2) 
kap        0.7474 (fit: 1, initial: 0.75) 
f               1 (fit: 0, initial:  1) 
fB            0.5 (fit: 0, initial: 0.5) 
Lwf             0 (fit: 0, initial:  0) 
=================================================================================
Time required: 1.2 secs
=================================================================================
Results of the parameter estimation with BYOM version 6.0
=================================================================================
   Filename      : byom_debkiss_with_egg_Apr22 
   Analysis date : 09-May-2022 (10:24) 
   Data entered  :
     data state 1: 11x1, continuous data, power 0.50 transf.
     data state 2: 25x1, continuous data, power 0.50 transf.
     data state 3: 0x0, no data.
   Search method: Nelder-Mead simplex direct search, 2 rounds. 
     The optimisation routine has converged to a solution
     Total 21 simplex iterations used to optimise. 
     Minus log-likelihood has reached the value 152.75 (AIC=307.51). 
=================================================================================
sJAm         0.27 (fit: 0, initial: 0.27) 
sJM         0.015 (fit: 0, initial: 0.015) 
WB0          0.15 (fit: 0, initial: 0.15) 
Lwp           120 (fit: 0, initial: 120) 
yAV           0.8 (fit: 0, initial: 0.8) 
yBA          0.95 (fit: 0, initial: 0.95) 
yVA           0.2 (fit: 0, initial: 0.2) 
kap        0.7474 (fit: 1, initial: 0.75) 
f               1 (fit: 0, initial:  1) 
fB            0.5 (fit: 0, initial: 0.5) 
Lwf             0 (fit: 0, initial:  0) 
=================================================================================
Time required: 0.6 secs
=================================================================================
Results of the parameter estimation with BYOM version 6.0
=================================================================================
   Filename      : byom_debkiss_with_egg_Apr22 
   Analysis date : 12-May-2022 (12:55) 
   Data entered  :
     data state 1: 11x1, continuous data, power 0.50 transf.
     data state 2: 25x1, continuous data, power 0.50 transf.
     data state 3: 0x0, no data.
   Search method: Nelder-Mead simplex direct search, 2 rounds. 
     The optimisation routine has converged to a solution
     Total 21 simplex iterations used to optimise. 
     Minus log-likelihood has reached the value 152.75 (AIC=307.51). 
=================================================================================
sJAm         0.27 (fit: 0, initial: 0.27) 
sJM         0.015 (fit: 0, initial: 0.015) 
WB0          0.15 (fit: 0, initial: 0.15) 
Lwp           120 (fit: 0, initial: 120) 
yAV           0.8 (fit: 0, initial: 0.8) 
yBA          0.95 (fit: 0, initial: 0.95) 
yVA           0.2 (fit: 0, initial: 0.2) 
kap        0.7474 (fit: 1, initial: 0.75) 
f               1 (fit: 0, initial:  1) 
fB            0.5 (fit: 0, initial: 0.5) 
Lwf             0 (fit: 0, initial:  0) 
=================================================================================
Time required: 1.9 secs
=================================================================================
Results of the parameter estimation with BYOM version 6.0
=================================================================================
   Filename      : byom_debkiss_with_egg_Apr22 
   Analysis date : 12-May-2022 (12:56) 
   Data entered  :
     data state 1: 11x1, continuous data, no transf.
     data state 2: 25x1, continuous data, no transf.
     data state 3: 0x0, no data.
   Search method: Nelder-Mead simplex direct search, 2 rounds. 
     The optimisation routine has converged to a solution
     Total 21 simplex iterations used to optimise. 
     Minus log-likelihood has reached the value 263.69 (AIC=529.38). 
=================================================================================
sJAm         0.27 (fit: 0, initial: 0.27) 
sJM         0.015 (fit: 0, initial: 0.015) 
WB0          0.15 (fit: 0, initial: 0.15) 
Lwp           120 (fit: 0, initial: 120) 
yAV           0.8 (fit: 0, initial: 0.8) 
yBA          0.95 (fit: 0, initial: 0.95) 
yVA           0.2 (fit: 0, initial: 0.2) 
kap        0.7498 (fit: 1, initial: 0.75) 
f               1 (fit: 0, initial:  1) 
fB            0.5 (fit: 0, initial: 0.5) 
Lwf             0 (fit: 0, initial:  0) 
=================================================================================
Time required: 0.8 secs
=================================================================================
Results of the parameter estimation with BYOM version 6.0
=================================================================================
   Filename      : byom_debkiss_with_egg_Apr22 
   Analysis date : 12-May-2022 (12:58) 
   Data entered  :
     data state 1: 11x1, continuous data, power 0.50 transf.
     data state 2: 25x1, continuous data, power 0.50 transf.
     data state 3: 0x0, no data.
   Search method: Nelder-Mead simplex direct search, 2 rounds. 
     The optimisation routine has converged to a solution
     Total 470 simplex iterations used to optimise. 
     Minus log-likelihood has reached the value 112.44 (AIC=232.87). 
=================================================================================
sJAm       0.1771 (fit: 1, initial: 0.27) 
sJM      0.009197 (fit: 1, initial: 0.015) 
WB0          0.15 (fit: 0, initial: 0.15) 
Lwp         106.3 (fit: 1, initial: 120) 
yAV           0.8 (fit: 0, initial: 0.8) 
yBA          0.95 (fit: 0, initial: 0.95) 
yVA           0.2 (fit: 0, initial: 0.2) 
kap        0.6906 (fit: 1, initial: 0.75) 
f               1 (fit: 0, initial:  1) 
fB            0.5 (fit: 0, initial: 0.5) 
Lwf             0 (fit: 0, initial:  0) 
=================================================================================
Time required: 13.2 secs
=================================================================================
Results of the parameter estimation with BYOM version 6.0
=================================================================================
   Filename      : byom_debkiss_with_egg_Apr22 
   Analysis date : 12-May-2022 (13:13) 
   Data entered  :
     data state 1: 11x1, continuous data, power 0.50 transf.
     data state 2: 25x1, continuous data, power 0.50 transf.
     data state 3: 0x0, no data.
   Search method: Nelder-Mead simplex direct search, 2 rounds. 
     The optimisation routine has converged to a solution
     Total 470 simplex iterations used to optimise. 
     Minus log-likelihood has reached the value 112.44 (AIC=232.87). 
=================================================================================
sJAm       0.1771 (fit: 1, initial: 0.27) 
sJM      0.009197 (fit: 1, initial: 0.015) 
WB0          0.15 (fit: 0, initial: 0.15) 
Lwp         106.3 (fit: 1, initial: 120) 
yAV           0.8 (fit: 0, initial: 0.8) 
yBA          0.95 (fit: 0, initial: 0.95) 
yVA           0.2 (fit: 0, initial: 0.2) 
kap        0.6906 (fit: 1, initial: 0.75) 
f               1 (fit: 0, initial:  1) 
fB            0.5 (fit: 0, initial: 0.5) 
Lwf             0 (fit: 0, initial:  0) 
=================================================================================
Time required: 12.7 secs
=================================================================================
Results of the parameter estimation with BYOM version 6.0
=================================================================================
   Filename      : byom_debkiss_with_egg_Apr22 
   Analysis date : 12-May-2022 (13:15) 
   Data entered  :
     data state 1: 11x1, continuous data, power 0.50 transf.
     data state 2: 25x1, continuous data, power 0.50 transf.
     data state 3: 0x0, no data.
   Search method: Nelder-Mead simplex direct search, 2 rounds. 
     No convergence, optimisation stopped on maximum number of iterations
     Total 547 simplex iterations used to optimise. 
     Minus log-likelihood has reached the value 114.83 (AIC=237.67). 
=================================================================================
sJAm       0.3255 (fit: 1, initial: 0.27) 
sJM       0.01372 (fit: 1, initial: 0.015) 
WB0          0.15 (fit: 0, initial: 0.15) 
Lwp         90.72 (fit: 1, initial: 120) 
yAV           0.8 (fit: 0, initial: 0.8) 
yBA          0.95 (fit: 0, initial: 0.95) 
yVA           0.2 (fit: 0, initial: 0.2) 
kap        0.4322 (fit: 1, initial: 0.75) 
f               1 (fit: 0, initial:  1) 
fB            0.5 (fit: 0, initial: 0.5) 
Lwf             0 (fit: 0, initial:  0) 
=================================================================================
Time required: 25.8 secs
=================================================================================
Results of the parameter estimation with BYOM version 6.0
=================================================================================
   Filename      : byom_debkiss_with_egg_Apr22 
   Analysis date : 12-May-2022 (13:48) 
   Data entered  :
     data state 1: 11x1, continuous data, no transf.
     data state 2: 25x1, continuous data, no transf.
     data state 3: 0x0, no data.
   Search method: Nelder-Mead simplex direct search, 2 rounds. 
     The optimisation routine has converged to a solution
     Total 157 simplex iterations used to optimise. 
     Minus log-likelihood has reached the value 245.03 (AIC=498.07). 
=================================================================================
sJAm       0.3308 (fit: 1, initial: 0.27) 
sJM       0.01401 (fit: 1, initial: 0.015) 
WB0          0.15 (fit: 0, initial: 0.15) 
Lwp         152.6 (fit: 1, initial: 120) 
yAV           0.8 (fit: 0, initial: 0.8) 
yBA          0.95 (fit: 0, initial: 0.95) 
yVA           0.2 (fit: 0, initial: 0.2) 
kap        0.7255 (fit: 1, initial: 0.75) 
f               1 (fit: 0, initial:  1) 
fB            0.5 (fit: 0, initial: 0.5) 
Lwf             0 (fit: 0, initial:  0) 
=================================================================================
Time required: 3.6 secs
=================================================================================
Results of the parameter estimation with BYOM version 6.0
=================================================================================
   Filename      : byom_debkiss_with_egg_Apr22 
   Analysis date : 12-May-2022 (13:51) 
   Data entered  :
     data state 1: 11x1, continuous data, no transf.
     data state 2: 25x1, continuous data, no transf.
     data state 3: 0x0, no data.
   Search method: Nelder-Mead simplex direct search, 2 rounds. 
     No convergence, optimisation stopped on maximum number of iterations
     Total 541 simplex iterations used to optimise. 
     Minus log-likelihood has reached the value 224.46 (AIC=456.92). 
=================================================================================
sJAm       0.3771 (fit: 1, initial: 0.27) 
sJM       0.01379 (fit: 1, initial: 0.015) 
WB0          0.15 (fit: 0, initial: 0.15) 
Lwp         92.59 (fit: 1, initial: 120) 
yAV           0.8 (fit: 0, initial: 0.8) 
yBA          0.95 (fit: 0, initial: 0.95) 
yVA           0.2 (fit: 0, initial: 0.2) 
kap        0.3811 (fit: 1, initial: 0.75) 
f               1 (fit: 0, initial:  1) 
fB            0.5 (fit: 0, initial: 0.5) 
Lwf             0 (fit: 0, initial:  0) 
=================================================================================
Time required: 27.5 secs
=================================================================================
Results of the parameter estimation with BYOM version 6.0
=================================================================================
   Filename      : byom_debkiss_with_egg_Apr22 
   Analysis date : 12-May-2022 (14:24) 
   Data entered  :
     data state 1: 11x1, continuous data, no transf.
     data state 2: 25x1, continuous data, no transf.
     data state 3: 0x0, no data.
   Search method: Nelder-Mead simplex direct search, 2 rounds. 
     The optimisation routine has converged to a solution
     Total 157 simplex iterations used to optimise. 
     Minus log-likelihood has reached the value 245.03 (AIC=498.07). 
=================================================================================
sJAm       0.3308 (fit: 1, initial: 0.27) 
sJM       0.01401 (fit: 1, initial: 0.015) 
WB0          0.15 (fit: 0, initial: 0.15) 
Lwp         152.6 (fit: 1, initial: 120) 
yAV           0.8 (fit: 0, initial: 0.8) 
yBA          0.95 (fit: 0, initial: 0.95) 
yVA           0.2 (fit: 0, initial: 0.2) 
kap        0.7255 (fit: 1, initial: 0.75) 
f               1 (fit: 0, initial:  1) 
fB            0.5 (fit: 0, initial: 0.5) 
Lwf             0 (fit: 0, initial:  0) 
=================================================================================
Time required: 3.8 secs
=================================================================================
Results of the parameter estimation with BYOM version 6.0
=================================================================================
   Filename      : byom_debkiss_with_egg_Apr22 
   Analysis date : 12-May-2022 (14:29) 
   Data entered  :
     data state 1: 11x1, continuous data, no transf.
     data state 2: 25x1, continuous data, no transf.
     data state 3: 0x0, no data.
   Search method: Nelder-Mead simplex direct search, 2 rounds. 
     No convergence, optimisation stopped on maximum number of iterations
     Total 541 simplex iterations used to optimise. 
     Minus log-likelihood has reached the value 224.46 (AIC=456.92). 
=================================================================================
sJAm       0.3771 (fit: 1, initial: 0.27) 
sJM       0.01379 (fit: 1, initial: 0.015) 
WB0          0.15 (fit: 0, initial: 0.15) 
Lwp         92.59 (fit: 1, initial: 120) 
yAV           0.8 (fit: 0, initial: 0.8) 
yBA          0.95 (fit: 0, initial: 0.95) 
yVA           0.2 (fit: 0, initial: 0.2) 
kap        0.3811 (fit: 1, initial: 0.75) 
f               1 (fit: 0, initial:  1) 
fB            0.5 (fit: 0, initial: 0.5) 
Lwf             0 (fit: 0, initial:  0) 
=================================================================================
Time required: 27.7 secs
=================================================================================
Results of the parameter estimation with BYOM version 6.0
=================================================================================
   Filename      : byom_debkiss_with_egg_Apr22 
   Analysis date : 12-May-2022 (14:29) 
   Data entered  :
     data state 1: 11x1, continuous data, no transf.
     data state 2: 25x1, continuous data, no transf.
     data state 3: 0x0, no data.
   Search method: Nelder-Mead simplex direct search, 2 rounds. 
     The optimisation routine has converged to a solution
     Total 157 simplex iterations used to optimise. 
     Minus log-likelihood has reached the value 245.03 (AIC=498.07). 
=================================================================================
sJAm       0.3308 (fit: 1, initial: 0.27) 
sJM       0.01401 (fit: 1, initial: 0.015) 
WB0          0.15 (fit: 0, initial: 0.15) 
Lwp         152.6 (fit: 1, initial: 120) 
yAV           0.8 (fit: 0, initial: 0.8) 
yBA          0.95 (fit: 0, initial: 0.95) 
yVA           0.2 (fit: 0, initial: 0.2) 
kap        0.7255 (fit: 1, initial: 0.75) 
f               1 (fit: 0, initial:  1) 
fB            0.5 (fit: 0, initial: 0.5) 
Lwf             0 (fit: 0, initial:  0) 
=================================================================================
Time required: 5.0 secs
=================================================================================
Results of the parameter estimation with BYOM version 6.0
=================================================================================
   Filename      : byom_debkiss_with_egg_Apr22 
   Analysis date : 04-Oct-2022 (10:48) 
   Data entered  :
     data state 1: 9x1, continuous data, no transf.
     data state 2: 25x1, continuous data, no transf.
     data state 3: 0x0, no data.
   Search method: Nelder-Mead simplex direct search, 2 rounds. 
     The optimisation routine has converged to a solution
     Total 24 simplex iterations used to optimise. 
     Minus log-likelihood has reached the value 235.37 (AIC=472.75). 
=================================================================================
sJAm         0.27 (fit: 0, initial: 0.27) 
sJM         0.015 (fit: 0, initial: 0.015) 
WB0           0.1 (fit: 0, initial: 0.1) 
Lwp           120 (fit: 0, initial: 120) 
yAV           0.8 (fit: 0, initial: 0.8) 
yBA          0.95 (fit: 0, initial: 0.95) 
yVA           0.2 (fit: 0, initial: 0.2) 
kap        0.7451 (fit: 1, initial: 0.75) 
f               1 (fit: 0, initial:  1) 
fB            0.5 (fit: 0, initial: 0.5) 
Lwf             0 (fit: 0, initial:  0) 
=================================================================================
Time required: 1.0 secs
=================================================================================
Results of the parameter estimation with BYOM version 6.0
=================================================================================
   Filename      : byom_debkiss_with_egg_Apr22 
   Analysis date : 04-Oct-2022 (10:48) 
   Data entered  :
     data state 1: 9x1, continuous data, no transf.
     data state 2: 25x1, continuous data, no transf.
     data state 3: 0x0, no data.
   Search method: Nelder-Mead simplex direct search, 2 rounds. 
     The optimisation routine has converged to a solution
     Total 24 simplex iterations used to optimise. 
     Minus log-likelihood has reached the value 235.37 (AIC=472.75). 
=================================================================================
sJAm         0.27 (fit: 0, initial: 0.27) 
sJM         0.015 (fit: 0, initial: 0.015) 
WB0           0.1 (fit: 0, initial: 0.1) 
Lwp           120 (fit: 0, initial: 120) 
yAV           0.8 (fit: 0, initial: 0.8) 
yBA          0.95 (fit: 0, initial: 0.95) 
yVA           0.2 (fit: 0, initial: 0.2) 
kap        0.7451 (fit: 1, initial: 0.75) 
f               1 (fit: 0, initial:  1) 
fB            0.5 (fit: 0, initial: 0.5) 
Lwf             0 (fit: 0, initial:  0) 
=================================================================================
Time required: 0.7 secs
=================================================================================
Results of the parameter estimation with BYOM version 6.0
=================================================================================
   Filename      : byom_debkiss_with_egg_Apr22 
   Analysis date : 04-Oct-2022 (10:49) 
   Data entered  :
     data state 1: 9x1, continuous data, no transf.
     data state 2: 25x1, continuous data, no transf.
     data state 3: 0x0, no data.
   Search method: Nelder-Mead simplex direct search, 2 rounds. 
     The optimisation routine has converged to a solution
     Total 24 simplex iterations used to optimise. 
     Minus log-likelihood has reached the value 235.42 (AIC=472.85). 
=================================================================================
sJAm         0.27 (fit: 0, initial: 0.27) 
sJM         0.015 (fit: 0, initial: 0.015) 
WB0           0.1 (fit: 0, initial: 0.1) 
Lwp           120 (fit: 0, initial: 120) 
yAV           0.8 (fit: 0, initial: 0.8) 
yBA          0.95 (fit: 0, initial: 0.95) 
yVA           0.2 (fit: 0, initial: 0.2) 
kap        0.7450 (fit: 1, initial: 0.75) 
f               1 (fit: 0, initial:  1) 
fB            0.5 (fit: 0, initial: 0.5) 
Lwf             0 (fit: 0, initial:  0) 
=================================================================================
Time required: 1.6 secs
=================================================================================
Results of the parameter estimation with BYOM version 6.0
=================================================================================
   Filename      : byom_debkiss_with_egg_Apr22 
   Analysis date : 04-Oct-2022 (10:51) 
   Data entered  :
     data state 1: 9x1, continuous data, no transf.
     data state 2: 25x1, continuous data, no transf.
     data state 3: 0x0, no data.
   Search method: Nelder-Mead simplex direct search, 2 rounds. 
     The optimisation routine has converged to a solution
     Total 23 simplex iterations used to optimise. 
     Minus log-likelihood has reached the value 236.67 (AIC=475.34). 
=================================================================================
sJAm         0.27 (fit: 0, initial: 0.27) 
sJM       0.01511 (fit: 1, initial: 0.015) 
WB0           0.1 (fit: 0, initial: 0.1) 
Lwp           120 (fit: 0, initial: 120) 
yAV           0.8 (fit: 0, initial: 0.8) 
yBA          0.95 (fit: 0, initial: 0.95) 
yVA           0.2 (fit: 0, initial: 0.2) 
kap          0.75 (fit: 0, initial: 0.75) 
f               1 (fit: 0, initial:  1) 
fB            0.5 (fit: 0, initial: 0.5) 
Lwf             0 (fit: 0, initial:  0) 
=================================================================================
Time required: 1.1 secs
=================================================================================
Results of the parameter estimation with BYOM version 6.0
=================================================================================
   Filename      : byom_debkiss_with_egg_Apr22 
   Analysis date : 04-Oct-2022 (10:52) 
   Data entered  :
     data state 1: 9x1, continuous data, no transf.
     data state 2: 25x1, continuous data, no transf.
     data state 3: 0x0, no data.
   Search method: Nelder-Mead simplex direct search, 2 rounds. 
     The optimisation routine has converged to a solution
     Total 23 simplex iterations used to optimise. 
     Minus log-likelihood has reached the value 236.61 (AIC=475.23). 
=================================================================================
sJAm         0.27 (fit: 0, initial: 0.27) 
sJM       0.01511 (fit: 1, initial: 0.015) 
WB0           0.1 (fit: 0, initial: 0.1) 
Lwp           120 (fit: 0, initial: 120) 
yAV           0.8 (fit: 0, initial: 0.8) 
yBA          0.95 (fit: 0, initial: 0.95) 
yVA           0.2 (fit: 0, initial: 0.2) 
kap          0.75 (fit: 0, initial: 0.75) 
f               1 (fit: 0, initial:  1) 
fB            0.5 (fit: 0, initial: 0.5) 
Lwf             0 (fit: 0, initial:  0) 
=================================================================================
Time required: 0.6 secs
=================================================================================
Results of the parameter estimation with BYOM version 6.0
=================================================================================
   Filename      : byom_debkiss_with_egg_Apr22 
   Analysis date : 04-Oct-2022 (10:54) 
   Data entered  :
     data state 1: 9x1, continuous data, no transf.
     data state 2: 25x1, continuous data, no transf.
     data state 3: 0x0, no data.
   Search method: Nelder-Mead simplex direct search, 2 rounds. 
     The optimisation routine has converged to a solution
     Total 21 simplex iterations used to optimise. 
     Minus log-likelihood has reached the value 230.66 (AIC=463.31). 
=================================================================================
sJAm         0.27 (fit: 0, initial: 0.27) 
sJM         0.015 (fit: 0, initial: 0.015) 
WB0           0.1 (fit: 0, initial: 0.1) 
Lwp           120 (fit: 0, initial: 120) 
yAV           0.8 (fit: 0, initial: 0.8) 
yBA          0.95 (fit: 0, initial: 0.95) 
yVA        0.1896 (fit: 1, initial: 0.2) 
kap          0.75 (fit: 0, initial: 0.75) 
f               1 (fit: 0, initial:  1) 
fB            0.5 (fit: 0, initial: 0.5) 
Lwf             0 (fit: 0, initial:  0) 
=================================================================================
Time required: 0.7 secs
=================================================================================
Results of the parameter estimation with BYOM version 6.0
=================================================================================
   Filename      : byom_debkiss_with_egg_Apr22 
   Analysis date : 04-Oct-2022 (10:55) 
   Data entered  :
     data state 1: 9x1, continuous data, no transf.
     data state 2: 25x1, continuous data, no transf.
     data state 3: 0x0, no data.
   Search method: Nelder-Mead simplex direct search, 2 rounds. 
     The optimisation routine has converged to a solution
     Total 20 simplex iterations used to optimise. 
     Minus log-likelihood has reached the value 230.68 (AIC=463.36). 
=================================================================================
sJAm         0.27 (fit: 0, initial: 0.27) 
sJM         0.015 (fit: 0, initial: 0.015) 
WB0           0.1 (fit: 0, initial: 0.1) 
Lwp           120 (fit: 0, initial: 120) 
yAV           0.8 (fit: 0, initial: 0.8) 
yBA          0.95 (fit: 0, initial: 0.95) 
yVA        0.1895 (fit: 1, initial: 0.2) 
kap          0.75 (fit: 0, initial: 0.75) 
f               1 (fit: 0, initial:  1) 
fB            0.5 (fit: 0, initial: 0.5) 
Lwf             0 (fit: 0, initial:  0) 
=================================================================================
Time required: 1.1 secs
=================================================================================
Results of the parameter estimation with BYOM version 6.0
=================================================================================
   Filename      : byom_debkiss_with_egg_Apr22 
   Analysis date : 04-Oct-2022 (11:16) 
   Data entered  :
     data state 1: 9x1, continuous data, no transf.
     data state 2: 25x1, continuous data, no transf.
     data state 3: 0x0, no data.
   Search method: Nelder-Mead simplex direct search, 2 rounds. 
     The optimisation routine has converged to a solution
     Total 25 simplex iterations used to optimise. 
     Minus log-likelihood has reached the value 236.18 (AIC=474.37). 
=================================================================================
sJAm       0.2683 (fit: 1, initial: 0.27) 
sJM         0.015 (fit: 0, initial: 0.015) 
WB0           0.1 (fit: 0, initial: 0.1) 
Lwp           120 (fit: 0, initial: 120) 
yAV           0.8 (fit: 0, initial: 0.8) 
yBA          0.95 (fit: 0, initial: 0.95) 
yVA           0.2 (fit: 0, initial: 0.2) 
kap          0.75 (fit: 0, initial: 0.75) 
f               1 (fit: 0, initial:  1) 
fB            0.5 (fit: 0, initial: 0.5) 
Lwf             0 (fit: 0, initial:  0) 
=================================================================================
Time required: 1.3 secs
=================================================================================
Results of the parameter estimation with BYOM version 6.0
=================================================================================
   Filename      : byom_debkiss_with_egg_Apr22 
   Analysis date : 04-Oct-2022 (11:18) 
   Data entered  :
     data state 1: 9x1, continuous data, no transf.
     data state 2: 25x1, continuous data, no transf.
     data state 3: 0x0, no data.
   Search method: Nelder-Mead simplex direct search, 2 rounds. 
     The optimisation routine has converged to a solution
     Total 28 simplex iterations used to optimise. 
     Minus log-likelihood has reached the value 236.13 (AIC=474.26). 
=================================================================================
sJAm       0.2683 (fit: 1, initial: 0.27) 
sJM         0.015 (fit: 0, initial: 0.015) 
WB0           0.1 (fit: 0, initial: 0.1) 
Lwp           120 (fit: 0, initial: 120) 
yAV           0.8 (fit: 0, initial: 0.8) 
yBA          0.95 (fit: 0, initial: 0.95) 
yVA           0.2 (fit: 0, initial: 0.2) 
kap          0.75 (fit: 0, initial: 0.75) 
f               1 (fit: 0, initial:  1) 
fB            0.5 (fit: 0, initial: 0.5) 
Lwf             0 (fit: 0, initial:  0) 
=================================================================================
Time required: 0.7 secs
=================================================================================
Results of the parameter estimation with BYOM version 6.0
=================================================================================
   Filename      : byom_debkiss_with_egg_Apr22 
   Analysis date : 04-Oct-2022 (11:24) 
   Data entered  :
     data state 1: 9x1, continuous data, no transf.
     data state 2: 25x1, continuous data, no transf.
     data state 3: 0x0, no data.
   Search method: Nelder-Mead simplex direct search, 2 rounds. 
     The optimisation routine has converged to a solution
     Total 55 simplex iterations used to optimise. 
     Minus log-likelihood has reached the value 216.95 (AIC=437.90). 
=================================================================================
sJAm         0.27 (fit: 0, initial: 0.27) 
sJM       0.01462 (fit: 1, initial: 0.015) 
WB0           0.1 (fit: 0, initial: 0.1) 
Lwp           120 (fit: 0, initial: 120) 
yAV           0.8 (fit: 0, initial: 0.8) 
yBA          0.95 (fit: 0, initial: 0.95) 
yVA        0.1642 (fit: 1, initial: 0.2) 
kap          0.75 (fit: 0, initial: 0.75) 
f               1 (fit: 0, initial:  1) 
fB            0.5 (fit: 0, initial: 0.5) 
Lwf             0 (fit: 0, initial:  0) 
=================================================================================
Time required: 1.7 secs
=================================================================================
Results of the parameter estimation with BYOM version 6.0
=================================================================================
   Filename      : byom_debkiss_with_egg_Apr22 
   Analysis date : 04-Oct-2022 (11:26) 
   Data entered  :
     data state 1: 9x1, continuous data, no transf.
     data state 2: 25x1, continuous data, no transf.
     data state 3: 0x0, no data.
   Search method: Nelder-Mead simplex direct search, 2 rounds. 
     The optimisation routine has converged to a solution
     Total 92 simplex iterations used to optimise. 
     Minus log-likelihood has reached the value 220.21 (AIC=444.42). 
=================================================================================
sJAm       0.3190 (fit: 1, initial: 0.27) 
sJM         0.015 (fit: 0, initial: 0.015) 
WB0           0.1 (fit: 0, initial: 0.1) 
Lwp           120 (fit: 0, initial: 120) 
yAV           0.8 (fit: 0, initial: 0.8) 
yBA          0.95 (fit: 0, initial: 0.95) 
yVA           0.2 (fit: 0, initial: 0.2) 
kap        0.6269 (fit: 1, initial: 0.75) 
f               1 (fit: 0, initial:  1) 
fB            0.5 (fit: 0, initial: 0.5) 
Lwf             0 (fit: 0, initial:  0) 
=================================================================================
Time required: 2.6 secs
=================================================================================
Results of the parameter estimation with BYOM version 6.0
=================================================================================
   Filename      : byom_debkiss_with_egg_Apr22 
   Analysis date : 04-Oct-2022 (11:27) 
   Data entered  :
     data state 1: 9x1, continuous data, no transf.
     data state 2: 25x1, continuous data, no transf.
     data state 3: 0x0, no data.
   Search method: Nelder-Mead simplex direct search, 2 rounds. 
     The optimisation routine has converged to a solution
     Total 92 simplex iterations used to optimise. 
     Minus log-likelihood has reached the value 220.21 (AIC=444.42). 
=================================================================================
sJAm       0.3190 (fit: 1, initial: 0.27) 
sJM         0.015 (fit: 0, initial: 0.015) 
WB0           0.1 (fit: 0, initial: 0.1) 
Lwp           120 (fit: 0, initial: 120) 
yAV           0.8 (fit: 0, initial: 0.8) 
yBA          0.95 (fit: 0, initial: 0.95) 
yVA           0.2 (fit: 0, initial: 0.2) 
kap        0.6269 (fit: 1, initial: 0.75) 
f               1 (fit: 0, initial:  1) 
fB            0.5 (fit: 0, initial: 0.5) 
Lwf             0 (fit: 0, initial:  0) 
=================================================================================
Time required: 2.4 secs
=================================================================================
Results of the parameter estimation with BYOM version 6.0
=================================================================================
   Filename      : byom_debkiss_with_egg_Apr22 
   Analysis date : 04-Oct-2022 (11:42) 
   Data entered  :
     data state 1: 9x1, continuous data, no transf.
     data state 2: 25x1, continuous data, no transf.
     data state 3: 0x0, no data.
   Search method: Nelder-Mead simplex direct search, 2 rounds. 
     No convergence, optimisation stopped on maximum number of iterations
     Total 543 simplex iterations used to optimise. 
     Minus log-likelihood has reached the value 203.78 (AIC=415.56). 
=================================================================================
sJAm       0.3875 (fit: 1, initial: 0.27) 
sJM       0.02208 (fit: 1, initial: 0.015) 
WB0           0.1 (fit: 0, initial: 0.1) 
Lwp           120 (fit: 0, initial: 120) 
yAV           0.8 (fit: 0, initial: 0.8) 
yBA          0.95 (fit: 0, initial: 0.95) 
yVA       0.06432 (fit: 1, initial: 0.2) 
kap        0.9327 (fit: 1, initial: 0.75) 
f               1 (fit: 0, initial:  1) 
fB            0.5 (fit: 0, initial: 0.5) 
Lwf             0 (fit: 0, initial:  0) 
=================================================================================
Time required: 13.3 secs
=================================================================================
Results of the parameter estimation with BYOM version 6.0
=================================================================================
   Filename      : byom_debkiss_with_egg_Apr22 
   Analysis date : 04-Oct-2022 (11:44) 
   Data entered  :
     data state 1: 9x1, continuous data, no transf.
     data state 2: 25x1, continuous data, no transf.
     data state 3: 0x0, no data.
   Search method: Nelder-Mead simplex direct search, 2 rounds. 
     No convergence, optimisation stopped on maximum number of iterations
     Total 543 simplex iterations used to optimise. 
     Minus log-likelihood has reached the value 203.78 (AIC=415.56). 
=================================================================================
sJAm       0.3875 (fit: 1, initial: 0.27) 
sJM       0.02208 (fit: 1, initial: 0.015) 
WB0           0.1 (fit: 0, initial: 0.1) 
Lwp           120 (fit: 0, initial: 120) 
yAV           0.8 (fit: 0, initial: 0.8) 
yBA          0.95 (fit: 0, initial: 0.95) 
yVA       0.06432 (fit: 1, initial: 0.2) 
kap        0.9327 (fit: 1, initial: 0.75) 
f               1 (fit: 0, initial:  1) 
fB            0.5 (fit: 0, initial: 0.5) 
Lwf             0 (fit: 0, initial:  0) 
=================================================================================
Time required: 12.8 secs
